生成启动时间为 2018/4/4 16:32:57。
     1>项目“C:\Users\toy---soldier\Desktop\c&c++\project2\QqProjectForServer\QqProjectForServer\QqProjectForServer.vcxproj”在节点 2 上(build 个目标)。
     1>InitializeBuildStatus:
         正在创建“x64\Debug\QqProjectForServer.unsuccessfulbuild”，因为已指定“AlwaysCreate”。
       ClCompile:
         所有输出均为最新。
         d:\vs2010\VC\bin\x86_amd64\CL.exe /c /Zi /nologo /W3 /WX- /Od /D WIN32 /D _DEBUG /D _CONSOLE /D _UNICODE /D UNICODE /Gm /EHsc /RTC1 /MDd /GS /fp:precise /Zc:wchar_t /Zc:forScope /Yu"StdAfx.h" /Fp"x64\Debug\QqProjectForServer.pch" /Fo"x64\Debug\\" /Fd"x64\Debug\vc100.pdb" /Gd /TP /errorReport:prompt QqProjectForServer.cpp
         QqProjectForServer.cpp
       ManifestResourceCompile:
         所有输出均为最新。
       Link:
         d:\vs2010\VC\bin\x86_amd64\link.exe /ERRORREPORT:PROMPT /OUT:"C:\Users\toy---soldier\Desktop\c&c++\project2\QqProjectForServer\x64\Debug\QqProjectForServer.exe" /INCREMENTAL /NOLOGO kernel32.lib user32.lib gdi32.lib winspool.lib comdlg32.lib advapi32.lib shell32.lib ole32.lib oleaut32.lib uuid.lib odbc32.lib odbccp32.lib /MANIFEST /ManifestFile:"x64\Debug\QqProjectForServer.exe.intermediate.manifest" /MANIFESTUAC:"level='asInvoker' uiAccess='false'" /DEBUG /PDB:"C:\Users\toy---soldier\Desktop\c&c++\project2\QqProjectForServer\x64\Debug\QqProjectForServer.pdb" /SUBSYSTEM:CONSOLE /TLBID:1 /DYNAMICBASE /NXCOMPAT /IMPLIB:"C:\Users\toy---soldier\Desktop\c&c++\project2\QqProjectForServer\x64\Debug\QqProjectForServer.lib" /MACHINE:X64 x64\Debug\QqProjectForServer.exe.embed.manifest.res
         x64\Debug\ConnectMap.obj
         x64\Debug\C_MysqlOpForServer.obj
         x64\Debug\Function.obj
         x64\Debug\Msg.obj
         x64\Debug\MsgHandle.obj
         x64\Debug\Mysql_Op.obj
         x64\Debug\QqProjectForServer.obj
         x64\Debug\Server.obj
         x64\Debug\stdafx.obj
         QqProjectForServer.vcxproj -> C:\Users\toy---soldier\Desktop\c&c++\project2\QqProjectForServer\x64\Debug\QqProjectForServer.exe
       Manifest:
         C:\Program Files (x86)\Microsoft SDKs\Windows\v7.0A\bin\mt.exe /nologo /verbose /out:"x64\Debug\QqProjectForServer.exe.embed.manifest" /manifest x64\Debug\QqProjectForServer.exe.intermediate.manifest
         所有输出均为最新。
       LinkEmbedManifest:
         所有输出均为最新。
         QqProjectForServer.vcxproj -> C:\Users\toy---soldier\Desktop\c&c++\project2\QqProjectForServer\x64\Debug\QqProjectForServer.exe
       FinalizeBuildStatus:
         正在删除文件“x64\Debug\QqProjectForServer.unsuccessfulbuild”。
         正在对“x64\Debug\QqProjectForServer.lastbuildstate”执行 Touch 任务。
     1>已完成生成项目“C:\Users\toy---soldier\Desktop\c&c++\project2\QqProjectForServer\QqProjectForServer\QqProjectForServer.vcxproj”(build 个目标)的操作。

生成成功。

已用时间 00:00:05.51
