生成启动时间为 2018/4/4 16:33:12。
     1>项目“C:\Users\toy---soldier\Desktop\c&c++\project2\QqProjectForClient\QqProjectForClient\QqProjectForClient.vcxproj”在节点 2 上(build 个目标)。
     1>InitializeBuildStatus:
         正在对“Debug\QqProjectForClient.unsuccessfulbuild”执行 Touch 任务。
       ClCompile:
         所有输出均为最新。
         d:\vs2010\VC\bin\CL.exe /c /ZI /nologo /W3 /WX- /Od /Oy- /D WIN32 /D _WINDOWS /D _DEBUG /D _UNICODE /D UNICODE /D _AFXDLL /Gm /EHsc /RTC1 /MDd /GS /fp:precise /Zc:wchar_t /Zc:forScope /Yu"StdAfx.h" /Fp"Debug\QqProjectForClient.pch" /Fo"Debug\\" /Fd"Debug\vc100.pdb" /Gd /TP /analyze- /errorReport:prompt FirendLine.cpp
         FirendLine.cpp
       ResourceCompile:
         所有输出均为最新。
       ManifestResourceCompile:
         所有输出均为最新。
       Link:
         d:\vs2010\VC\bin\link.exe /ERRORREPORT:PROMPT /OUT:"C:\Users\toy---soldier\Desktop\c&c++\project2\QqProjectForClient\Debug\QqProjectForClient.exe" /INCREMENTAL /NOLOGO /MANIFEST /ManifestFile:"Debug\QqProjectForClient.exe.intermediate.manifest" /MANIFESTUAC:"level='asInvoker' uiAccess='false'" /DEBUG /PDB:"C:\Users\toy---soldier\Desktop\c&c++\project2\QqProjectForClient\Debug\QqProjectForClient.pdb" /SUBSYSTEM:WINDOWS /TLBID:1 /ENTRY:"wWinMainCRTStartup" /DYNAMICBASE /NXCOMPAT /IMPLIB:"C:\Users\toy---soldier\Desktop\c&c++\project2\QqProjectForClient\Debug\QqProjectForClient.lib" /MACHINE:X86 Debug\QqProjectForClient.res
         Debug\QqProjectForClient.exe.embed.manifest.res
         Debug\ChettingBox.obj
         Debug\Client.obj
         Debug\FirendLine.obj
         Debug\Function.obj
         Debug\Msg.obj
         Debug\MsgHandle.obj
         Debug\PresonalInfo.obj
         Debug\QqProjectForClient.obj
         Debug\QqProjectForClientDlg.obj
         Debug\stdafx.obj
       Manifest:
         C:\Program Files (x86)\Microsoft SDKs\Windows\v7.0A\bin\mt.exe /nologo /verbose /out:"Debug\QqProjectForClient.exe.embed.manifest" /manifest Debug\QqProjectForClient.exe.intermediate.manifest d:\vs2010\VC\Include\Manifest\dpiaware.manifest
         所有输出均为最新。
       LinkEmbedManifest:
         所有输出均为最新。
         QqProjectForClient.vcxproj -> C:\Users\toy---soldier\Desktop\c&c++\project2\QqProjectForClient\Debug\QqProjectForClient.exe
       FinalizeBuildStatus:
         正在删除文件“Debug\QqProjectForClient.unsuccessfulbuild”。
         正在对“Debug\QqProjectForClient.lastbuildstate”执行 Touch 任务。
     1>已完成生成项目“C:\Users\toy---soldier\Desktop\c&c++\project2\QqProjectForClient\QqProjectForClient\QqProjectForClient.vcxproj”(build 个目标)的操作。

生成成功。

已用时间 00:00:03.14
